19-10-2022 09:57:36 => Upload status: failure. 
File name: Unsaved Document 1 
Size: 405 
Errors occured: type: File is not an image or a text file;

19-10-2022 10:00:25 => Upload status: success. 
File name: 13873357956007838585.gif 
Size: 96431 
Errors occured: none

19-10-2022 10:00:37 => Upload status: failure. 
File name: Unsaved Document 1 
Size: 405 
Errors occured: type: File is not an image or a text file;

19-10-2022 10:01:44 => Upload status: failure. 
File name: Unsaved Document 1 
Size: 405 
Errors occured: type: File is not an image or a text file;

19-10-2022 10:05:42 => Upload status: failure. 
File name: Unsaved Document 1 
Size: 405 
Errors occured: type: File is not an image or a text file;

